{
  "stats": {
    "suites": 12,
    "tests": 41,
    "passes": 1,
    "pending": 0,
    "failures": 40,
    "start": "2022-08-02T17:40:21.518Z",
    "end": "2022-08-02T17:43:15.630Z",
    "duration": 174112,
    "testsRegistered": 41,
    "passPercent": 2.4390243902439024,
    "pendingPercent": 0,
    "other": 0,
    "hasOther": false,
    "skipped": 0,
    "hasSkipped": false
  },
  "results": [
    {
      "uuid": "e5101f08-66e6-4f0b-b01e-960abdfb30ef",
      "title": "",
      "fullFile": "cypress/integration/project.spec.js",
      "file": "cypress/integration/project.spec.js",
      "beforeHooks": [],
      "afterHooks": [],
      "tests": [],
      "suites": [
        {
          "uuid": "0d0b0d17-5d2f-4012-b412-ae8360a282c2",
          "title": "1 - Adicione à página o título \"Paleta de Cores\"",
          "fullFile": "",
          "file": "",
          "beforeHooks": [],
          "afterHooks": [],
          "tests": [
            {
              "title": "Verifica se contém um elemento `h1` com o id `title` com o título correto",
              "fullTitle": "1 - Adicione à página o título \"Paleta de Cores\" Verifica se contém um elemento `h1` com o id `title` com o título correto",
              "timedOut": null,
              "duration": 135,
              "state": "passed",
              "speed": "slow",
              "pass": true,
              "fail": false,
              "pending": false,
              "context": null,
              "code": "cy.get('h1#title').should('contain.text', 'Paleta de Cores');",
              "err": {},
              "uuid": "da2240f2-c344-45a3-8738-8ca85ecf451e",
              "parentUUID": "0d0b0d17-5d2f-4012-b412-ae8360a282c2",
              "isHook": false,
              "skipped": false
            }
          ],
          "suites": [],
          "passes": [
            "da2240f2-c344-45a3-8738-8ca85ecf451e"
          ],
          "failures": [],
          "pending": [],
          "skipped": [],
          "duration": 135,
          "root": false,
          "rootEmpty": false,
          "_timeout": 2000
        },
        {
          "uuid": "316a4637-1f01-436e-8ec7-6c3d3bc6f50a",
          "title": "2 - Adicione à página uma paleta contendo quatro cores distintas",
          "fullFile": "",
          "file": "",
          "beforeHooks": [],
          "afterHooks": [],
          "tests": [
            {
              "title": "A paleta de cores deve ser um elemento com `id` denominado `color-palette` e ter mais de 0px de altura e de largura.",
              "fullTitle": "2 - Adicione à página uma paleta contendo quatro cores distintas A paleta de cores deve ser um elemento com `id` denominado `color-palette` e ter mais de 0px de altura e de largura.",
              "timedOut": null,
              "duration": 4225,
              "state": "failed",
              "speed": null,
              "pass": false,
              "fail": true,
              "pending": false,
              "context": null,
              "code": "cy.get('#color-palette').should('be.visible');\ncy.get('#color-palette').children('.color');",
              "err": {
                "message": "CypressError: Timed out retrying: Expected to find element: '#color-palette', but never found it.",
                "estack": "CypressError: Timed out retrying: Expected to find element: '#color-palette', but never found it.\n    at cypressErr (http://localhost:37647/__cypress/runner/cypress_runner.js:149934:9)\n    at throwErr (http://localhost:37647/__cypress/runner/cypress_runner.js:149867:11)\n    at Object.throwErrByPath (http://localhost:37647/__cypress/runner/cypress_runner.js:149915:3)\n    at retry (http://localhost:37647/__cypress/runner/cypress_runner.js:144197:19)\n    at onFailFn (http://localhost:37647/__cypress/runner/cypress_runner.js:132448:16)\n    at tryCatcher (http://localhost:37647/__cypress/runner/cypress_runner.js:167415:23)\n    at Promise._settlePromiseFromHandler (http://localhost:37647/__cypress/runner/cypress_runner.js:165351:31)\n    at Promise._settlePromise (http://localhost:37647/__cypress/runner/cypress_runner.js:165408:18)\n    at Promise._settlePromise0 (http://localhost:37647/__cypress/runner/cypress_runner.js:165453:10)\n    at Promise._settlePromises (http://localhost:37647/__cypress/runner/cypress_runner.js:165528:18)\n    at Async../node_modules/bluebird/js/release/async.js.Async._drainQueue (http://localhost:37647/__cypress/runner/cypress_runner.js:162140:16)\n    at Async../node_modules/bluebird/js/release/async.js.Async._drainQueues (http://localhost:37647/__cypress/runner/cypress_runner.js:162150:10)\n    at Async.drainQueues (http://localhost:37647/__cypress/runner/cypress_runner.js:162024:14)",
                "diff": null
              },
              "uuid": "082721b0-8925-4ef9-8077-cc088b31d686",
              "parentUUID": "316a4637-1f01-436e-8ec7-6c3d3bc6f50a",
              "isHook": false,
              "skipped": false
            },
            {
              "title": "Verifica se cada cor individual da paleta de cores possui a `classe` chamada `color`.",
              "fullTitle": "2 - Adicione à página uma paleta contendo quatro cores distintas Verifica se cada cor individual da paleta de cores possui a `classe` chamada `color`.",
              "timedOut": null,
              "duration": 4340,
              "state": "failed",
              "speed": null,
              "pass": false,
              "fail": true,
              "pending": false,
              "context": null,
              "code": "cy.get('.color').should('have.length', 4).then(function (colors) {\n  for (var i = 0; i < colors.length; i++) {\n    cy.wrap(colors[i]).should('be.visible');\n  }\n});",
              "err": {
                "message": "CypressError: Timed out retrying: Expected to find element: '.color', but never found it.",
                "estack": "CypressError: Timed out retrying: Expected to find element: '.color', but never found it.\n    at cypressErr (http://localhost:37647/__cypress/runner/cypress_runner.js:149934:9)\n    at throwErr (http://localhost:37647/__cypress/runner/cypress_runner.js:149867:11)\n    at Object.throwErrByPath (http://localhost:37647/__cypress/runner/cypress_runner.js:149915:3)\n    at retry (http://localhost:37647/__cypress/runner/cypress_runner.js:144197:19)\n    at onFailFn (http://localhost:37647/__cypress/runner/cypress_runner.js:132448:16)\n    at tryCatcher (http://localhost:37647/__cypress/runner/cypress_runner.js:167415:23)\n    at Promise._settlePromiseFromHandler (http://localhost:37647/__cypress/runner/cypress_runner.js:165351:31)\n    at Promise._settlePromise (http://localhost:37647/__cypress/runner/cypress_runner.js:165408:18)\n    at Promise._settlePromise0 (http://localhost:37647/__cypress/runner/cypress_runner.js:165453:10)\n    at Promise._settlePromises (http://localhost:37647/__cypress/runner/cypress_runner.js:165528:18)\n    at Async../node_modules/bluebird/js/release/async.js.Async._drainQueue (http://localhost:37647/__cypress/runner/cypress_runner.js:162140:16)\n    at Async../node_modules/bluebird/js/release/async.js.Async._drainQueues (http://localhost:37647/__cypress/runner/cypress_runner.js:162150:10)\n    at Async.drainQueues (http://localhost:37647/__cypress/runner/cypress_runner.js:162024:14)",
                "diff": null
              },
              "uuid": "eb625941-8811-4207-92c9-8b1c301b95fd",
              "parentUUID": "316a4637-1f01-436e-8ec7-6c3d3bc6f50a",
              "isHook": false,
              "skipped": false
            },
            {
              "title": "Verifica se a cor de fundo de cada elemento da paleta é a cor que o elemento representa. **A única cor não permitida na paleta é a cor branca.**",
              "fullTitle": "2 - Adicione à página uma paleta contendo quatro cores distintas Verifica se a cor de fundo de cada elemento da paleta é a cor que o elemento representa. **A única cor não permitida na paleta é a cor branca.**",
              "timedOut": null,
              "duration": 4356,
              "state": "failed",
              "speed": null,
              "pass": false,
              "fail": true,
              "pending": false,
              "context": null,
              "code": "cy.get('.color').each(function (color) {\n  cy.wrap(color).should('have.class', 'color').and('not.have.css', 'background-color', WHITE);\n  cy.wrap(color).should('have.css', 'background-color');\n});",
              "err": {
                "message": "CypressError: Timed out retrying: Expected to find element: '.color', but never found it.",
                "estack": "CypressError: Timed out retrying: Expected to find element: '.color', but never found it.\n    at cypressErr (http://localhost:37647/__cypress/runner/cypress_runner.js:149934:9)\n    at throwErr (http://localhost:37647/__cypress/runner/cypress_runner.js:149867:11)\n    at Object.throwErrByPath (http://localhost:37647/__cypress/runner/cypress_runner.js:149915:3)\n    at retry (http://localhost:37647/__cypress/runner/cypress_runner.js:144197:19)\n    at onFailFn (http://localhost:37647/__cypress/runner/cypress_runner.js:132448:16)\n    at tryCatcher (http://localhost:37647/__cypress/runner/cypress_runner.js:167415:23)\n    at Promise._settlePromiseFromHandler (http://localhost:37647/__cypress/runner/cypress_runner.js:165351:31)\n    at Promise._settlePromise (http://localhost:37647/__cypress/runner/cypress_runner.js:165408:18)\n    at Promise._settlePromise0 (http://localhost:37647/__cypress/runner/cypress_runner.js:165453:10)\n    at Promise._settlePromises (http://localhost:37647/__cypress/runner/cypress_runner.js:165528:18)\n    at Async../node_modules/bluebird/js/release/async.js.Async._drainQueue (http://localhost:37647/__cypress/runner/cypress_runner.js:162140:16)\n    at Async../node_modules/bluebird/js/release/async.js.Async._drainQueues (http://localhost:37647/__cypress/runner/cypress_runner.js:162150:10)\n    at Async.drainQueues (http://localhost:37647/__cypress/runner/cypress_runner.js:162024:14)",
                "diff": null
              },
              "uuid": "7c71d7f9-ec1b-4984-bcdb-a9dd05b8a139",
              "parentUUID": "316a4637-1f01-436e-8ec7-6c3d3bc6f50a",
              "isHook": false,
              "skipped": false
            },
            {
              "title": "Verifica se cada elemento da paleta de cores tem uma borda preta, sólida e com 1 pixel de largura;",
              "fullTitle": "2 - Adicione à página uma paleta contendo quatro cores distintas Verifica se cada elemento da paleta de cores tem uma borda preta, sólida e com 1 pixel de largura;",
              "timedOut": null,
              "duration": 4364,
              "state": "failed",
              "speed": null,
              "pass": false,
              "fail": true,
              "pending": false,
              "context": null,
              "code": "cy.get('.color').each(function (color) {\n  cy.wrap(color).and('have.css', 'border', \"1px solid \".concat(BLACK)).and('have.class', 'color');\n});",
              "err": {
                "message": "CypressError: Timed out retrying: Expected to find element: '.color', but never found it.",
                "estack": "CypressError: Timed out retrying: Expected to find element: '.color', but never found it.\n    at cypressErr (http://localhost:37647/__cypress/runner/cypress_runner.js:149934:9)\n    at throwErr (http://localhost:37647/__cypress/runner/cypress_runner.js:149867:11)\n    at Object.throwErrByPath (http://localhost:37647/__cypress/runner/cypress_runner.js:149915:3)\n    at retry (http://localhost:37647/__cypress/runner/cypress_runner.js:144197:19)\n    at onFailFn (http://localhost:37647/__cypress/runner/cypress_runner.js:132448:16)\n    at tryCatcher (http://localhost:37647/__cypress/runner/cypress_runner.js:167415:23)\n    at Promise._settlePromiseFromHandler (http://localhost:37647/__cypress/runner/cypress_runner.js:165351:31)\n    at Promise._settlePromise (http://localhost:37647/__cypress/runner/cypress_runner.js:165408:18)\n    at Promise._settlePromise0 (http://localhost:37647/__cypress/runner/cypress_runner.js:165453:10)\n    at Promise._settlePromises (http://localhost:37647/__cypress/runner/cypress_runner.js:165528:18)\n    at Async../node_modules/bluebird/js/release/async.js.Async._drainQueue (http://localhost:37647/__cypress/runner/cypress_runner.js:162140:16)\n    at Async../node_modules/bluebird/js/release/async.js.Async._drainQueues (http://localhost:37647/__cypress/runner/cypress_runner.js:162150:10)\n    at Async.drainQueues (http://localhost:37647/__cypress/runner/cypress_runner.js:162024:14)",
                "diff": null
              },
              "uuid": "bc99db7f-2b66-4a28-896e-07565806b346",
              "parentUUID": "316a4637-1f01-436e-8ec7-6c3d3bc6f50a",
              "isHook": false,
              "skipped": false
            },
            {
              "title": "Verifica se a paleta lista todas as cores disponíveis para utilização, lado a lado.",
              "fullTitle": "2 - Adicione à página uma paleta contendo quatro cores distintas Verifica se a paleta lista todas as cores disponíveis para utilização, lado a lado.",
              "timedOut": null,
              "duration": 4230,
              "state": "failed",
              "speed": null,
              "pass": false,
              "fail": true,
              "pending": false,
              "context": null,
              "code": "cy.get('.color').then(function (colors) {\n  for (var index = 1; index < colors.length; index += 1) {\n    var currentColor = colors[index];\n    var previousColor = colors[index - 1];\n    cy.wrap(currentColor).should('be.onTheRightOf', previousColor).and('be.horizontallyAlignedWith', previousColor);\n  }\n});",
              "err": {
                "message": "CypressError: Timed out retrying: Expected to find element: '.color', but never found it.",
                "estack": "CypressError: Timed out retrying: Expected to find element: '.color', but never found it.\n    at cypressErr (http://localhost:37647/__cypress/runner/cypress_runner.js:149934:9)\n    at throwErr (http://localhost:37647/__cypress/runner/cypress_runner.js:149867:11)\n    at Object.throwErrByPath (http://localhost:37647/__cypress/runner/cypress_runner.js:149915:3)\n    at retry (http://localhost:37647/__cypress/runner/cypress_runner.js:144197:19)\n    at onFailFn (http://localhost:37647/__cypress/runner/cypress_runner.js:132448:16)\n    at tryCatcher (http://localhost:37647/__cypress/runner/cypress_runner.js:167415:23)\n    at Promise._settlePromiseFromHandler (http://localhost:37647/__cypress/runner/cypress_runner.js:165351:31)\n    at Promise._settlePromise (http://localhost:37647/__cypress/runner/cypress_runner.js:165408:18)\n    at Promise._settlePromise0 (http://localhost:37647/__cypress/runner/cypress_runner.js:165453:10)\n    at Promise._settlePromises (http://localhost:37647/__cypress/runner/cypress_runner.js:165528:18)\n    at Async../node_modules/bluebird/js/release/async.js.Async._drainQueue (http://localhost:37647/__cypress/runner/cypress_runner.js:162140:16)\n    at Async../node_modules/bluebird/js/release/async.js.Async._drainQueues (http://localhost:37647/__cypress/runner/cypress_runner.js:162150:10)\n    at Async.drainQueues (http://localhost:37647/__cypress/runner/cypress_runner.js:162024:14)",
                "diff": null
              },
              "uuid": "c58dda56-5056-43d3-8ad3-5dbf87e21350",
              "parentUUID": "316a4637-1f01-436e-8ec7-6c3d3bc6f50a",
              "isHook": false,
              "skipped": false
            },
            {
              "title": "Verifica se a paleta de cores está posicionada abaixo do título 'Paleta de Cores'",
              "fullTitle": "2 - Adicione à página uma paleta contendo quatro cores distintas Verifica se a paleta de cores está posicionada abaixo do título 'Paleta de Cores'",
              "timedOut": null,
              "duration": 4373,
              "state": "failed",
              "speed": null,
              "pass": false,
              "fail": true,
              "pending": false,
              "context": null,
              "code": "cy.get('h1#title').then(function (title) {\n  cy.get('#color-palette').should('be.belowOf', title);\n});",
              "err": {
                "message": "CypressError: Timed out retrying: Expected to find element: '#color-palette', but never found it.",
                "estack": "CypressError: Timed out retrying: Expected to find element: '#color-palette', but never found it.\n    at cypressErr (http://localhost:37647/__cypress/runner/cypress_runner.js:149934:9)\n    at throwErr (http://localhost:37647/__cypress/runner/cypress_runner.js:149867:11)\n    at Object.throwErrByPath (http://localhost:37647/__cypress/runner/cypress_runner.js:149915:3)\n    at retry (http://localhost:37647/__cypress/runner/cypress_runner.js:144197:19)\n    at onFailFn (http://localhost:37647/__cypress/runner/cypress_runner.js:132448:16)\n    at tryCatcher (http://localhost:37647/__cypress/runner/cypress_runner.js:167415:23)\n    at Promise._settlePromiseFromHandler (http://localhost:37647/__cypress/runner/cypress_runner.js:165351:31)\n    at Promise._settlePromise (http://localhost:37647/__cypress/runner/cypress_runner.js:165408:18)\n    at Promise._settlePromise0 (http://localhost:37647/__cypress/runner/cypress_runner.js:165453:10)\n    at Promise._settlePromises (http://localhost:37647/__cypress/runner/cypress_runner.js:165528:18)\n    at Async../node_modules/bluebird/js/release/async.js.Async._drainQueue (http://localhost:37647/__cypress/runner/cypress_runner.js:162140:16)\n    at Async../node_modules/bluebird/js/release/async.js.Async._drainQueues (http://localhost:37647/__cypress/runner/cypress_runner.js:162150:10)\n    at Async.drainQueues (http://localhost:37647/__cypress/runner/cypress_runner.js:162024:14)",
                "diff": null
              },
              "uuid": "816f6b13-1faa-4a7b-8288-58ad7d974401",
              "parentUUID": "316a4637-1f01-436e-8ec7-6c3d3bc6f50a",
              "isHook": false,
              "skipped": false
            },
            {
              "title": "Verifica se a paleta de cores não contém cores repetidas.",
              "fullTitle": "2 - Adicione à página uma paleta contendo quatro cores distintas Verifica se a paleta de cores não contém cores repetidas.",
              "timedOut": null,
              "duration": 4338,
              "state": "failed",
              "speed": null,
              "pass": false,
              "fail": true,
              "pending": false,
              "context": null,
              "code": "cy.get('.color').then(function (colors) {\n  var allColors = Array.from(colors).map(function (color) {\n    return Cypress.$(color).css('background-color');\n  });\n  cy.log(allColors);\n  var uniqColors = (0, _toConsumableArray2[\"default\"])(new Set(allColors));\n  cy.log(uniqColors);\n  expect(allColors.length).to.eq(uniqColors.length);\n});",
              "err": {
                "message": "CypressError: Timed out retrying: Expected to find element: '.color', but never found it.",
                "estack": "CypressError: Timed out retrying: Expected to find element: '.color', but never found it.\n    at cypressErr (http://localhost:37647/__cypress/runner/cypress_runner.js:149934:9)\n    at throwErr (http://localhost:37647/__cypress/runner/cypress_runner.js:149867:11)\n    at Object.throwErrByPath (http://localhost:37647/__cypress/runner/cypress_runner.js:149915:3)\n    at retry (http://localhost:37647/__cypress/runner/cypress_runner.js:144197:19)\n    at onFailFn (http://localhost:37647/__cypress/runner/cypress_runner.js:132448:16)\n    at tryCatcher (http://localhost:37647/__cypress/runner/cypress_runner.js:167415:23)\n    at Promise._settlePromiseFromHandler (http://localhost:37647/__cypress/runner/cypress_runner.js:165351:31)\n    at Promise._settlePromise (http://localhost:37647/__cypress/runner/cypress_runner.js:165408:18)\n    at Promise._settlePromise0 (http://localhost:37647/__cypress/runner/cypress_runner.js:165453:10)\n    at Promise._settlePromises (http://localhost:37647/__cypress/runner/cypress_runner.js:165528:18)\n    at Async../node_modules/bluebird/js/release/async.js.Async._drainQueue (http://localhost:37647/__cypress/runner/cypress_runner.js:162140:16)\n    at Async../node_modules/bluebird/js/release/async.js.Async._drainQueues (http://localhost:37647/__cypress/runner/cypress_runner.js:162150:10)\n    at Async.drainQueues (http://localhost:37647/__cypress/runner/cypress_runner.js:162024:14)",
                "diff": null
              },
              "uuid": "ae2a493f-e777-44cd-a3d0-755a3ae64268",
              "parentUUID": "316a4637-1f01-436e-8ec7-6c3d3bc6f50a",
              "isHook": false,
              "skipped": false
            }
          ],
          "suites": [],
          "passes": [],
          "failures": [
            "082721b0-8925-4ef9-8077-cc088b31d686",
            "eb625941-8811-4207-92c9-8b1c301b95fd",
            "7c71d7f9-ec1b-4984-bcdb-a9dd05b8a139",
            "bc99db7f-2b66-4a28-896e-07565806b346",
            "c58dda56-5056-43d3-8ad3-5dbf87e21350",
            "816f6b13-1faa-4a7b-8288-58ad7d974401",
            "ae2a493f-e777-44cd-a3d0-755a3ae64268"
          ],
          "pending": [],
          "skipped": [],
          "duration": 30226,
          "root": false,
          "rootEmpty": false,
          "_timeout": 2000
        },
        {
          "uuid": "e63af99c-45a3-418a-81b9-122815c7a9ca",
          "title": "3 - Adicione a cor **preta** como a primeira cor da paleta de cores",
          "fullFile": "",
          "file": "",
          "beforeHooks": [],
          "afterHooks": [],
          "tests": [
            {
              "title": "Verifica se a primeira cor da paleta é preta",
              "fullTitle": "3 - Adicione a cor **preta** como a primeira cor da paleta de cores Verifica se a primeira cor da paleta é preta",
              "timedOut": null,
              "duration": 4267,
              "state": "failed",
              "speed": null,
              "pass": false,
              "fail": true,
              "pending": false,
              "context": null,
              "code": "cy.get('.color').first().should('have.css', 'background-color', BLACK);",
              "err": {
                "message": "CypressError: Timed out retrying: Expected to find element: '.color', but never found it.",
                "estack": "CypressError: Timed out retrying: Expected to find element: '.color', but never found it.\n    at cypressErr (http://localhost:37647/__cypress/runner/cypress_runner.js:149934:9)\n    at throwErr (http://localhost:37647/__cypress/runner/cypress_runner.js:149867:11)\n    at Object.throwErrByPath (http://localhost:37647/__cypress/runner/cypress_runner.js:149915:3)\n    at retry (http://localhost:37647/__cypress/runner/cypress_runner.js:144197:19)\n    at onFailFn (http://localhost:37647/__cypress/runner/cypress_runner.js:132448:16)\n    at tryCatcher (http://localhost:37647/__cypress/runner/cypress_runner.js:167415:23)\n    at Promise._settlePromiseFromHandler (http://localhost:37647/__cypress/runner/cypress_runner.js:165351:31)\n    at Promise._settlePromise (http://localhost:37647/__cypress/runner/cypress_runner.js:165408:18)\n    at Promise._settlePromise0 (http://localhost:37647/__cypress/runner/cypress_runner.js:165453:10)\n    at Promise._settlePromises (http://localhost:37647/__cypress/runner/cypress_runner.js:165528:18)\n    at Async../node_modules/bluebird/js/release/async.js.Async._drainQueue (http://localhost:37647/__cypress/runner/cypress_runner.js:162140:16)\n    at Async../node_modules/bluebird/js/release/async.js.Async._drainQueues (http://localhost:37647/__cypress/runner/cypress_runner.js:162150:10)\n    at Async.drainQueues (http://localhost:37647/__cypress/runner/cypress_runner.js:162024:14)",
                "diff": null
              },
              "uuid": "76078c3d-043e-40cb-bb54-81feb0a16bfe",
              "parentUUID": "e63af99c-45a3-418a-81b9-122815c7a9ca",
              "isHook": false,
              "skipped": false
            },
            {
              "title": "Verifica se as demais cores podem ser escolhidas livremente.",
              "fullTitle": "3 - Adicione a cor **preta** como a primeira cor da paleta de cores Verifica se as demais cores podem ser escolhidas livremente.",
              "timedOut": null,
              "duration": 4258,
              "state": "failed",
              "speed": null,
              "pass": false,
              "fail": true,
              "pending": false,
              "context": null,
              "code": "cy.get('.color').eq(1).should('not.have.css', 'background-color', BLACK);\ncy.get('.color').eq(1).should('not.have.css', 'background-color', WHITE);\ncy.get('.color').eq(1).should('not.have.css', 'background-color', 'rgba(0, 0, 0, 0)');\ncy.get('.color').eq(1).should('have.css', 'background-color');\ncy.get('.color').eq(2).should('not.have.css', 'background-color', BLACK);\ncy.get('.color').eq(2).should('not.have.css', 'background-color', WHITE);\ncy.get('.color').eq(2).should('not.have.css', 'background-color', 'rgba(0, 0, 0, 0)');\ncy.get('.color').eq(2).should('have.css', 'background-color');\ncy.get('.color').eq(3).should('not.have.css', 'background-color', BLACK);\ncy.get('.color').eq(3).should('not.have.css', 'background-color', WHITE);\ncy.get('.color').eq(3).should('not.have.css', 'background-color', 'rgba(0, 0, 0, 0)');\ncy.get('.color').eq(3).should('have.css', 'background-color');",
              "err": {
                "message": "CypressError: Timed out retrying: Expected to find element: '.color', but never found it.",
                "estack": "CypressError: Timed out retrying: Expected to find element: '.color', but never found it.\n    at cypressErr (http://localhost:37647/__cypress/runner/cypress_runner.js:149934:9)\n    at throwErr (http://localhost:37647/__cypress/runner/cypress_runner.js:149867:11)\n    at Object.throwErrByPath (http://localhost:37647/__cypress/runner/cypress_runner.js:149915:3)\n    at retry (http://localhost:37647/__cypress/runner/cypress_runner.js:144197:19)\n    at onFailFn (http://localhost:37647/__cypress/runner/cypress_runner.js:132448:16)\n    at tryCatcher (http://localhost:37647/__cypress/runner/cypress_runner.js:167415:23)\n    at Promise._settlePromiseFromHandler (http://localhost:37647/__cypress/runner/cypress_runner.js:165351:31)\n    at Promise._settlePromise (http://localhost:37647/__cypress/runner/cypress_runner.js:165408:18)\n    at Promise._settlePromise0 (http://localhost:37647/__cypress/runner/cypress_runner.js:165453:10)\n    at Promise._settlePromises (http://localhost:37647/__cypress/runner/cypress_runner.js:165528:18)\n    at Async../node_modules/bluebird/js/release/async.js.Async._drainQueue (http://localhost:37647/__cypress/runner/cypress_runner.js:162140:16)\n    at Async../node_modules/bluebird/js/release/async.js.Async._drainQueues (http://localhost:37647/__cypress/runner/cypress_runner.js:162150:10)\n    at Async.drainQueues (http://localhost:37647/__cypress/runner/cypress_runner.js:162024:14)",
                "diff": null
              },
              "uuid": "1284bfb5-db67-4676-be54-ce93d3294ad0",
              "parentUUID": "e63af99c-45a3-418a-81b9-122815c7a9ca",
              "isHook": false,
              "skipped": false
            }
          ],
          "suites": [],
          "passes": [],
          "failures": [
            "76078c3d-043e-40cb-bb54-81feb0a16bfe",
            "1284bfb5-db67-4676-be54-ce93d3294ad0"
          ],
          "pending": [],
          "skipped": [],
          "duration": 8525,
          "root": false,
          "rootEmpty": false,
          "_timeout": 2000
        },
        {
          "uuid": "290242b4-a594-43b8-8396-528ab1c2a030",
          "title": "4 - Adicione à página um quadro contendo 25 pixels",
          "fullFile": "",
          "file": "",
          "beforeHooks": [],
          "afterHooks": [],
          "tests": [
            {
              "title": "Verifica se o quadro de pixels possui o `id` denominado `pixel-board`",
              "fullTitle": "4 - Adicione à página um quadro contendo 25 pixels Verifica se o quadro de pixels possui o `id` denominado `pixel-board`",
              "timedOut": null,
              "duration": 4297,
              "state": "failed",
              "speed": null,
              "pass": false,
              "fail": true,
              "pending": false,
              "context": null,
              "code": "cy.get('#pixel-board').should('be.visible');",
              "err": {
                "message": "CypressError: Timed out retrying: Expected to find element: '#pixel-board', but never found it.",
                "estack": "CypressError: Timed out retrying: Expected to find element: '#pixel-board', but never found it.\n    at cypressErr (http://localhost:37647/__cypress/runner/cypress_runner.js:149934:9)\n    at throwErr (http://localhost:37647/__cypress/runner/cypress_runner.js:149867:11)\n    at Object.throwErrByPath (http://localhost:37647/__cypress/runner/cypress_runner.js:149915:3)\n    at retry (http://localhost:37647/__cypress/runner/cypress_runner.js:144197:19)\n    at onFailFn (http://localhost:37647/__cypress/runner/cypress_runner.js:132448:16)\n    at tryCatcher (http://localhost:37647/__cypress/runner/cypress_runner.js:167415:23)\n    at Promise._settlePromiseFromHandler (http://localhost:37647/__cypress/runner/cypress_runner.js:165351:31)\n    at Promise._settlePromise (http://localhost:37647/__cypress/runner/cypress_runner.js:165408:18)\n    at Promise._settlePromise0 (http://localhost:37647/__cypress/runner/cypress_runner.js:165453:10)\n    at Promise._settlePromises (http://localhost:37647/__cypress/runner/cypress_runner.js:165528:18)\n    at Async../node_modules/bluebird/js/release/async.js.Async._drainQueue (http://localhost:37647/__cypress/runner/cypress_runner.js:162140:16)\n    at Async../node_modules/bluebird/js/release/async.js.Async._drainQueues (http://localhost:37647/__cypress/runner/cypress_runner.js:162150:10)\n    at Async.drainQueues (http://localhost:37647/__cypress/runner/cypress_runner.js:162024:14)",
                "diff": null
              },
              "uuid": "efd5de93-ad02-46bc-91a4-92a0d4239675",
              "parentUUID": "290242b4-a594-43b8-8396-528ab1c2a030",
              "isHook": false,
              "skipped": false
            },
            {
              "title": "Verifica se cada pixel individual dentro do quadro possui a `classe` denominada `pixel`.",
              "fullTitle": "4 - Adicione à página um quadro contendo 25 pixels Verifica se cada pixel individual dentro do quadro possui a `classe` denominada `pixel`.",
              "timedOut": null,
              "duration": 4300,
              "state": "failed",
              "speed": null,
              "pass": false,
              "fail": true,
              "pending": false,
              "context": null,
              "code": "cy.get('.pixel').should('have.length', 25);",
              "err": {
                "message": "CypressError: Timed out retrying: Expected to find element: '.pixel', but never found it.",
                "estack": "CypressError: Timed out retrying: Expected to find element: '.pixel', but never found it.\n    at cypressErr (http://localhost:37647/__cypress/runner/cypress_runner.js:149934:9)\n    at throwErr (http://localhost:37647/__cypress/runner/cypress_runner.js:149867:11)\n    at Object.throwErrByPath (http://localhost:37647/__cypress/runner/cypress_runner.js:149915:3)\n    at retry (http://localhost:37647/__cypress/runner/cypress_runner.js:144197:19)\n    at onFailFn (http://localhost:37647/__cypress/runner/cypress_runner.js:132448:16)\n    at tryCatcher (http://localhost:37647/__cypress/runner/cypress_runner.js:167415:23)\n    at Promise._settlePromiseFromHandler (http://localhost:37647/__cypress/runner/cypress_runner.js:165351:31)\n    at Promise._settlePromise (http://localhost:37647/__cypress/runner/cypress_runner.js:165408:18)\n    at Promise._settlePromise0 (http://localhost:37647/__cypress/runner/cypress_runner.js:165453:10)\n    at Promise._settlePromises (http://localhost:37647/__cypress/runner/cypress_runner.js:165528:18)\n    at Async../node_modules/bluebird/js/release/async.js.Async._drainQueue (http://localhost:37647/__cypress/runner/cypress_runner.js:162140:16)\n    at Async../node_modules/bluebird/js/release/async.js.Async._drainQueues (http://localhost:37647/__cypress/runner/cypress_runner.js:162150:10)\n    at Async.drainQueues (http://localhost:37647/__cypress/runner/cypress_runner.js:162024:14)",
                "diff": null
              },
              "uuid": "0f2196be-b351-40c5-8759-7fff352aaaac",
              "parentUUID": "290242b4-a594-43b8-8396-528ab1c2a030",
              "isHook": false,
              "skipped": false
            },
            {
              "title": "Verifica se a cor inicial dos pixels dentro do quadro, ao abrir a página, é branca.",
              "fullTitle": "4 - Adicione à página um quadro contendo 25 pixels Verifica se a cor inicial dos pixels dentro do quadro, ao abrir a página, é branca.",
              "timedOut": null,
              "duration": 4255,
              "state": "failed",
              "speed": null,
              "pass": false,
              "fail": true,
              "pending": false,
              "context": null,
              "code": "cy.get('.pixel').should('have.length', 25).each(function (pixel) {\n  expect(pixel).to.have.css('background-color', WHITE);\n});",
              "err": {
                "message": "CypressError: Timed out retrying: Expected to find element: '.pixel', but never found it.",
                "estack": "CypressError: Timed out retrying: Expected to find element: '.pixel', but never found it.\n    at cypressErr (http://localhost:37647/__cypress/runner/cypress_runner.js:149934:9)\n    at throwErr (http://localhost:37647/__cypress/runner/cypress_runner.js:149867:11)\n    at Object.throwErrByPath (http://localhost:37647/__cypress/runner/cypress_runner.js:149915:3)\n    at retry (http://localhost:37647/__cypress/runner/cypress_runner.js:144197:19)\n    at onFailFn (http://localhost:37647/__cypress/runner/cypress_runner.js:132448:16)\n    at tryCatcher (http://localhost:37647/__cypress/runner/cypress_runner.js:167415:23)\n    at Promise._settlePromiseFromHandler (http://localhost:37647/__cypress/runner/cypress_runner.js:165351:31)\n    at Promise._settlePromise (http://localhost:37647/__cypress/runner/cypress_runner.js:165408:18)\n    at Promise._settlePromise0 (http://localhost:37647/__cypress/runner/cypress_runner.js:165453:10)\n    at Promise._settlePromises (http://localhost:37647/__cypress/runner/cypress_runner.js:165528:18)\n    at Async../node_modules/bluebird/js/release/async.js.Async._drainQueue (http://localhost:37647/__cypress/runner/cypress_runner.js:162140:16)\n    at Async../node_modules/bluebird/js/release/async.js.Async._drainQueues (http://localhost:37647/__cypress/runner/cypress_runner.js:162150:10)\n    at Async.drainQueues (http://localhost:37647/__cypress/runner/cypress_runner.js:162024:14)",
                "diff": null
              },
              "uuid": "be7d4acb-db9a-4478-9573-02e1ee8561dc",
              "parentUUID": "290242b4-a594-43b8-8396-528ab1c2a030",
              "isHook": false,
              "skipped": false
            },
            {
              "title": "Verifica se o quadro de pixels aparece abaixo da paleta de cores",
              "fullTitle": "4 - Adicione à página um quadro contendo 25 pixels Verifica se o quadro de pixels aparece abaixo da paleta de cores",
              "timedOut": null,
              "duration": 4336,
              "state": "failed",
              "speed": null,
              "pass": false,
              "fail": true,
              "pending": false,
              "context": null,
              "code": "cy.get('#color-palette').then(function (palette) {\n  cy.get('#pixel-board').should('be.belowOf', palette);\n});",
              "err": {
                "message": "CypressError: Timed out retrying: Expected to find element: '#color-palette', but never found it.",
                "estack": "CypressError: Timed out retrying: Expected to find element: '#color-palette', but never found it.\n    at cypressErr (http://localhost:37647/__cypress/runner/cypress_runner.js:149934:9)\n    at throwErr (http://localhost:37647/__cypress/runner/cypress_runner.js:149867:11)\n    at Object.throwErrByPath (http://localhost:37647/__cypress/runner/cypress_runner.js:149915:3)\n    at retry (http://localhost:37647/__cypress/runner/cypress_runner.js:144197:19)\n    at onFailFn (http://localhost:37647/__cypress/runner/cypress_runner.js:132448:16)\n    at tryCatcher (http://localhost:37647/__cypress/runner/cypress_runner.js:167415:23)\n    at Promise._settlePromiseFromHandler (http://localhost:37647/__cypress/runner/cypress_runner.js:165351:31)\n    at Promise._settlePromise (http://localhost:37647/__cypress/runner/cypress_runner.js:165408:18)\n    at Promise._settlePromise0 (http://localhost:37647/__cypress/runner/cypress_runner.js:165453:10)\n    at Promise._settlePromises (http://localhost:37647/__cypress/runner/cypress_runner.js:165528:18)\n    at Async../node_modules/bluebird/js/release/async.js.Async._drainQueue (http://localhost:37647/__cypress/runner/cypress_runner.js:162140:16)\n    at Async../node_modules/bluebird/js/release/async.js.Async._drainQueues (http://localhost:37647/__cypress/runner/cypress_runner.js:162150:10)\n    at Async.drainQueues (http://localhost:37647/__cypress/runner/cypress_runner.js:162024:14)",
                "diff": null
              },
              "uuid": "db8a62a3-8d36-4d08-ab89-f3a57c454458",
              "parentUUID": "290242b4-a594-43b8-8396-528ab1c2a030",
              "isHook": false,
              "skipped": false
            }
          ],
          "suites": [],
          "passes": [],
          "failures": [
            "efd5de93-ad02-46bc-91a4-92a0d4239675",
            "0f2196be-b351-40c5-8759-7fff352aaaac",
            "be7d4acb-db9a-4478-9573-02e1ee8561dc",
            "db8a62a3-8d36-4d08-ab89-f3a57c454458"
          ],
          "pending": [],
          "skipped": [],
          "duration": 17188,
          "root": false,
          "rootEmpty": false,
          "_timeout": 2000
        },
        {
          "uuid": "a6a03ebd-fad1-4df0-b311-e2893ebe40ad",
          "title": "5 - Faça com que cada elemento do quadro de pixels possua 40 pixels de largura, 40 pixels de altura e seja delimitado por uma borda preta de 1 pixel",
          "fullFile": "",
          "file": "",
          "beforeHooks": [],
          "afterHooks": [],
          "tests": [
            {
              "title": "Verifica se o quadro de pixels tem altura e comprimento de 5 elementos",
              "fullTitle": "5 - Faça com que cada elemento do quadro de pixels possua 40 pixels de largura, 40 pixels de altura e seja delimitado por uma borda preta de 1 pixel Verifica se o quadro de pixels tem altura e comprimento de 5 elementos",
              "timedOut": null,
              "duration": 4266,
              "state": "failed",
              "speed": null,
              "pass": false,
              "fail": true,
              "pending": false,
              "context": null,
              "code": "cy.get('.pixel').should('have.length', 25).each(function (pixel) {\n  expect(pixel).to.have.css('background-color', WHITE);\n}).and(function (pixels) {\n  var rows = chunk(pixels, 5);\n  rows.forEach(function (row) {\n    for (var index = 1; index < row.length; index += 1) {\n      var current = pixels[index];\n      var previous = pixels[index - 1];\n      cy.wrap(current).should('be.onTheRightOf', previous).and('be.horizontallyAlignedWith', previous);\n    }\n  });\n  for (var index = 1; index < 5; index += 1) {\n    expect(pixels[index * 5]).to.be.belowOf(pixels[(index - 1) * 5]);\n  }\n});",
              "err": {
                "message": "CypressError: Timed out retrying: Expected to find element: '.pixel', but never found it.",
                "estack": "CypressError: Timed out retrying: Expected to find element: '.pixel', but never found it.\n    at cypressErr (http://localhost:37647/__cypress/runner/cypress_runner.js:149934:9)\n    at throwErr (http://localhost:37647/__cypress/runner/cypress_runner.js:149867:11)\n    at Object.throwErrByPath (http://localhost:37647/__cypress/runner/cypress_runner.js:149915:3)\n    at retry (http://localhost:37647/__cypress/runner/cypress_runner.js:144197:19)\n    at onFailFn (http://localhost:37647/__cypress/runner/cypress_runner.js:132448:16)\n    at tryCatcher (http://localhost:37647/__cypress/runner/cypress_runner.js:167415:23)\n    at Promise._settlePromiseFromHandler (http://localhost:37647/__cypress/runner/cypress_runner.js:165351:31)\n    at Promise._settlePromise (http://localhost:37647/__cypress/runner/cypress_runner.js:165408:18)\n    at Promise._settlePromise0 (http://localhost:37647/__cypress/runner/cypress_runner.js:165453:10)\n    at Promise._settlePromises (http://localhost:37647/__cypress/runner/cypress_runner.js:165528:18)\n    at Async../node_modules/bluebird/js/release/async.js.Async._drainQueue (http://localhost:37647/__cypress/runner/cypress_runner.js:162140:16)\n    at Async../node_modules/bluebird/js/release/async.js.Async._drainQueues (http://localhost:37647/__cypress/runner/cypress_runner.js:162150:10)\n    at Async.drainQueues (http://localhost:37647/__cypress/runner/cypress_runner.js:162024:14)",
                "diff": null
              },
              "uuid": "cba57d08-c0c7-4c18-9739-db58f442267b",
              "parentUUID": "a6a03ebd-fad1-4df0-b311-e2893ebe40ad",
              "isHook": false,
              "skipped": false
            },
            {
              "title": "Verifica se 40 pixels é o tamanho total do elemento, incluindo seu conteúdo e excluindo a borda preta, que deve ser criada à parte.",
              "fullTitle": "5 - Faça com que cada elemento do quadro de pixels possua 40 pixels de largura, 40 pixels de altura e seja delimitado por uma borda preta de 1 pixel Verifica se 40 pixels é o tamanho total do elemento, incluindo seu conteúdo e excluindo a borda preta, que deve ser criada à parte.",
              "timedOut": null,
              "duration": 4319,
              "state": "failed",
              "speed": null,
              "pass": false,
              "fail": true,
              "pending": false,
              "context": null,
              "code": "cy.get('.pixel').each(function (pixel) {\n  cy.wrap(pixel).should('have.css', 'height', '40px').and('have.css', 'width', '40px').and('have.css', 'border', \"1px solid \".concat(BLACK));\n});",
              "err": {
                "message": "CypressError: Timed out retrying: Expected to find element: '.pixel', but never found it.",
                "estack": "CypressError: Timed out retrying: Expected to find element: '.pixel', but never found it.\n    at cypressErr (http://localhost:37647/__cypress/runner/cypress_runner.js:149934:9)\n    at throwErr (http://localhost:37647/__cypress/runner/cypress_runner.js:149867:11)\n    at Object.throwErrByPath (http://localhost:37647/__cypress/runner/cypress_runner.js:149915:3)\n    at retry (http://localhost:37647/__cypress/runner/cypress_runner.js:144197:19)\n    at onFailFn (http://localhost:37647/__cypress/runner/cypress_runner.js:132448:16)\n    at tryCatcher (http://localhost:37647/__cypress/runner/cypress_runner.js:167415:23)\n    at Promise._settlePromiseFromHandler (http://localhost:37647/__cypress/runner/cypress_runner.js:165351:31)\n    at Promise._settlePromise (http://localhost:37647/__cypress/runner/cypress_runner.js:165408:18)\n    at Promise._settlePromise0 (http://localhost:37647/__cypress/runner/cypress_runner.js:165453:10)\n    at Promise._settlePromises (http://localhost:37647/__cypress/runner/cypress_runner.js:165528:18)\n    at Async../node_modules/bluebird/js/release/async.js.Async._drainQueue (http://localhost:37647/__cypress/runner/cypress_runner.js:162140:16)\n    at Async../node_modules/bluebird/js/release/async.js.Async._drainQueues (http://localhost:37647/__cypress/runner/cypress_runner.js:162150:10)\n    at Async.drainQueues (http://localhost:37647/__cypress/runner/cypress_runner.js:162024:14)",
                "diff": null
              },
              "uuid": "611014c5-c6f2-48af-88dd-065c5d29a814",
              "parentUUID": "a6a03ebd-fad1-4df0-b311-e2893ebe40ad",
              "isHook": false,
              "skipped": false
            }
          ],
          "suites": [],
          "passes": [],
          "failures": [
            "cba57d08-c0c7-4c18-9739-db58f442267b",
            "611014c5-c6f2-48af-88dd-065c5d29a814"
          ],
          "pending": [],
          "skipped": [],
          "duration": 8585,
          "root": false,
          "rootEmpty": false,
          "_timeout": 2000
        },
        {
          "uuid": "5b7a136b-de4e-4c03-9be2-f3daf4a7f37a",
          "title": "6 - Defina a cor preta como cor inicial da paleta de cores. Ao carregar a página a cor preta já deve estar selecionada para pintar os pixels",
          "fullFile": "",
          "file": "",
          "beforeHooks": [],
          "afterHooks": [],
          "tests": [
            {
              "title": "Verifica se o elemento da cor preta possui, inicialmente, a `classe` `selected`",
              "fullTitle": "6 - Defina a cor preta como cor inicial da paleta de cores. Ao carregar a página a cor preta já deve estar selecionada para pintar os pixels Verifica se o elemento da cor preta possui, inicialmente, a `classe` `selected`",
              "timedOut": null,
              "duration": 4307,
              "state": "failed",
              "speed": null,
              "pass": false,
              "fail": true,
              "pending": false,
              "context": null,
              "code": "cy.get('.selected').first().should('have.css', 'background-color', BLACK);",
              "err": {
                "message": "CypressError: Timed out retrying: Expected to find element: '.selected', but never found it.",
                "estack": "CypressError: Timed out retrying: Expected to find element: '.selected', but never found it.\n    at cypressErr (http://localhost:37647/__cypress/runner/cypress_runner.js:149934:9)\n    at throwErr (http://localhost:37647/__cypress/runner/cypress_runner.js:149867:11)\n    at Object.throwErrByPath (http://localhost:37647/__cypress/runner/cypress_runner.js:149915:3)\n    at retry (http://localhost:37647/__cypress/runner/cypress_runner.js:144197:19)\n    at onFailFn (http://localhost:37647/__cypress/runner/cypress_runner.js:132448:16)\n    at tryCatcher (http://localhost:37647/__cypress/runner/cypress_runner.js:167415:23)\n    at Promise._settlePromiseFromHandler (http://localhost:37647/__cypress/runner/cypress_runner.js:165351:31)\n    at Promise._settlePromise (http://localhost:37647/__cypress/runner/cypress_runner.js:165408:18)\n    at Promise._settlePromise0 (http://localhost:37647/__cypress/runner/cypress_runner.js:165453:10)\n    at Promise._settlePromises (http://localhost:37647/__cypress/runner/cypress_runner.js:165528:18)\n    at Async../node_modules/bluebird/js/release/async.js.Async._drainQueue (http://localhost:37647/__cypress/runner/cypress_runner.js:162140:16)\n    at Async../node_modules/bluebird/js/release/async.js.Async._drainQueues (http://localhost:37647/__cypress/runner/cypress_runner.js:162150:10)\n    at Async.drainQueues (http://localhost:37647/__cypress/runner/cypress_runner.js:162024:14)",
                "diff": null
              },
              "uuid": "9fdcae2b-82e2-4fa2-bf8d-44a9459115b1",
              "parentUUID": "5b7a136b-de4e-4c03-9be2-f3daf4a7f37a",
              "isHook": false,
              "skipped": false
            },
            {
              "title": "Verifica se nenhuma outra cor da paleta tem a `classe` `selected`",
              "fullTitle": "6 - Defina a cor preta como cor inicial da paleta de cores. Ao carregar a página a cor preta já deve estar selecionada para pintar os pixels Verifica se nenhuma outra cor da paleta tem a `classe` `selected`",
              "timedOut": null,
              "duration": 4285,
              "state": "failed",
              "speed": null,
              "pass": false,
              "fail": true,
              "pending": false,
              "context": null,
              "code": "cy.get('.color:not(:first-child)').each(function (color) {\n  cy.wrap(color).should('not.have.class', 'selected');\n});",
              "err": {
                "message": "CypressError: Timed out retrying: Expected to find element: '.color:not(:first-child)', but never found it.",
                "estack": "CypressError: Timed out retrying: Expected to find element: '.color:not(:first-child)', but never found it.\n    at cypressErr (http://localhost:37647/__cypress/runner/cypress_runner.js:149934:9)\n    at throwErr (http://localhost:37647/__cypress/runner/cypress_runner.js:149867:11)\n    at Object.throwErrByPath (http://localhost:37647/__cypress/runner/cypress_runner.js:149915:3)\n    at retry (http://localhost:37647/__cypress/runner/cypress_runner.js:144197:19)\n    at onFailFn (http://localhost:37647/__cypress/runner/cypress_runner.js:132448:16)\n    at tryCatcher (http://localhost:37647/__cypress/runner/cypress_runner.js:167415:23)\n    at Promise._settlePromiseFromHandler (http://localhost:37647/__cypress/runner/cypress_runner.js:165351:31)\n    at Promise._settlePromise (http://localhost:37647/__cypress/runner/cypress_runner.js:165408:18)\n    at Promise._settlePromise0 (http://localhost:37647/__cypress/runner/cypress_runner.js:165453:10)\n    at Promise._settlePromises (http://localhost:37647/__cypress/runner/cypress_runner.js:165528:18)\n    at Async../node_modules/bluebird/js/release/async.js.Async._drainQueue (http://localhost:37647/__cypress/runner/cypress_runner.js:162140:16)\n    at Async../node_modules/bluebird/js/release/async.js.Async._drainQueues (http://localhost:37647/__cypress/runner/cypress_runner.js:162150:10)\n    at Async.drainQueues (http://localhost:37647/__cypress/runner/cypress_runner.js:162024:14)",
                "diff": null
              },
              "uuid": "0e683067-3d7f-458c-9b71-539f0eaadc48",
              "parentUUID": "5b7a136b-de4e-4c03-9be2-f3daf4a7f37a",
              "isHook": false,
              "skipped": false
            }
          ],
          "suites": [],
          "passes": [],
          "failures": [
            "9fdcae2b-82e2-4fa2-bf8d-44a9459115b1",
            "0e683067-3d7f-458c-9b71-539f0eaadc48"
          ],
          "pending": [],
          "skipped": [],
          "duration": 8592,
          "root": false,
          "rootEmpty": false,
          "_timeout": 2000
        },
        {
          "uuid": "06981c5b-c46f-43d4-b3f7-02bc8b76e895",
          "title": "7 - Crie uma função para selecionar uma cor na paleta de cores e preencher os pixels no quadro",
          "fullFile": "",
          "file": "",
          "beforeHooks": [],
          "afterHooks": [],
          "tests": [
            {
              "title": "Verifica se somente uma cor da paleta de cores tem a classe `selected` de cada vez",
              "fullTitle": "7 - Crie uma função para selecionar uma cor na paleta de cores e preencher os pixels no quadro Verifica se somente uma cor da paleta de cores tem a classe `selected` de cada vez",
              "timedOut": null,
              "duration": 4340,
              "state": "failed",
              "speed": null,
              "pass": false,
              "fail": true,
              "pending": false,
              "context": null,
              "code": "cy.get('.color').each(function (selectedColor, selectedColorIndex) {\n  cy.wrap(selectedColor).click();\n  cy.get('.color').each(function (color, colorIndex) {\n    if (colorIndex === selectedColorIndex) {\n      expect(color).to.have[\"class\"]('selected');\n    } else {\n      expect(color).not.to.have[\"class\"]('selected');\n    }\n  });\n});",
              "err": {
                "message": "CypressError: Timed out retrying: Expected to find element: '.color', but never found it.",
                "estack": "CypressError: Timed out retrying: Expected to find element: '.color', but never found it.\n    at cypressErr (http://localhost:37647/__cypress/runner/cypress_runner.js:149934:9)\n    at throwErr (http://localhost:37647/__cypress/runner/cypress_runner.js:149867:11)\n    at Object.throwErrByPath (http://localhost:37647/__cypress/runner/cypress_runner.js:149915:3)\n    at retry (http://localhost:37647/__cypress/runner/cypress_runner.js:144197:19)\n    at onFailFn (http://localhost:37647/__cypress/runner/cypress_runner.js:132448:16)\n    at tryCatcher (http://localhost:37647/__cypress/runner/cypress_runner.js:167415:23)\n    at Promise._settlePromiseFromHandler (http://localhost:37647/__cypress/runner/cypress_runner.js:165351:31)\n    at Promise._settlePromise (http://localhost:37647/__cypress/runner/cypress_runner.js:165408:18)\n    at Promise._settlePromise0 (http://localhost:37647/__cypress/runner/cypress_runner.js:165453:10)\n    at Promise._settlePromises (http://localhost:37647/__cypress/runner/cypress_runner.js:165528:18)\n    at Async../node_modules/bluebird/js/release/async.js.Async._drainQueue (http://localhost:37647/__cypress/runner/cypress_runner.js:162140:16)\n    at Async../node_modules/bluebird/js/release/async.js.Async._drainQueues (http://localhost:37647/__cypress/runner/cypress_runner.js:162150:10)\n    at Async.drainQueues (http://localhost:37647/__cypress/runner/cypress_runner.js:162024:14)",
                "diff": null
              },
              "uuid": "8202f255-76d0-4f60-8bfd-f0ff777c3603",
              "parentUUID": "06981c5b-c46f-43d4-b3f7-02bc8b76e895",
              "isHook": false,
              "skipped": false
            },
            {
              "title": "Verifica se os pixels dentro do quadro não têm a classe `selected` quando são clicados",
              "fullTitle": "7 - Crie uma função para selecionar uma cor na paleta de cores e preencher os pixels no quadro Verifica se os pixels dentro do quadro não têm a classe `selected` quando são clicados",
              "timedOut": null,
              "duration": 4237,
              "state": "failed",
              "speed": null,
              "pass": false,
              "fail": true,
              "pending": false,
              "context": null,
              "code": "cy.get('.color').each(function (color) {\n  var backgroundColor = color.css('background-color');\n  cy.wrap(color).click();\n  cy.get('.pixel').each(function (pixel) {\n    cy.wrap(pixel).click().should('not.have.class', 'selected');\n  });\n});",
              "err": {
                "message": "CypressError: Timed out retrying: Expected to find element: '.color', but never found it.",
                "estack": "CypressError: Timed out retrying: Expected to find element: '.color', but never found it.\n    at cypressErr (http://localhost:37647/__cypress/runner/cypress_runner.js:149934:9)\n    at throwErr (http://localhost:37647/__cypress/runner/cypress_runner.js:149867:11)\n    at Object.throwErrByPath (http://localhost:37647/__cypress/runner/cypress_runner.js:149915:3)\n    at retry (http://localhost:37647/__cypress/runner/cypress_runner.js:144197:19)\n    at onFailFn (http://localhost:37647/__cypress/runner/cypress_runner.js:132448:16)\n    at tryCatcher (http://localhost:37647/__cypress/runner/cypress_runner.js:167415:23)\n    at Promise._settlePromiseFromHandler (http://localhost:37647/__cypress/runner/cypress_runner.js:165351:31)\n    at Promise._settlePromise (http://localhost:37647/__cypress/runner/cypress_runner.js:165408:18)\n    at Promise._settlePromise0 (http://localhost:37647/__cypress/runner/cypress_runner.js:165453:10)\n    at Promise._settlePromises (http://localhost:37647/__cypress/runner/cypress_runner.js:165528:18)\n    at Async../node_modules/bluebird/js/release/async.js.Async._drainQueue (http://localhost:37647/__cypress/runner/cypress_runner.js:162140:16)\n    at Async../node_modules/bluebird/js/release/async.js.Async._drainQueues (http://localhost:37647/__cypress/runner/cypress_runner.js:162150:10)\n    at Async.drainQueues (http://localhost:37647/__cypress/runner/cypress_runner.js:162024:14)",
                "diff": null
              },
              "uuid": "7d61bd9d-5392-478b-bab3-9b6950647b65",
              "parentUUID": "06981c5b-c46f-43d4-b3f7-02bc8b76e895",
              "isHook": false,
              "skipped": false
            }
          ],
          "suites": [],
          "passes": [],
          "failures": [
            "8202f255-76d0-4f60-8bfd-f0ff777c3603",
            "7d61bd9d-5392-478b-bab3-9b6950647b65"
          ],
          "pending": [],
          "skipped": [],
          "duration": 8577,
          "root": false,
          "rootEmpty": false,
          "_timeout": 2000
        },
        {
          "uuid": "4277af73-9249-4d61-b545-42ab8d9fcbd4",
          "title": "8 - Crie uma função que permita preencher um pixel do quadro com a cor selecionada na paleta de cores",
          "fullFile": "",
          "file": "",
          "beforeHooks": [],
          "afterHooks": [],
          "tests": [
            {
              "title": "Verifica se ao carregar a página deve ser possível pintar os pixels de preto",
              "fullTitle": "8 - Crie uma função que permita preencher um pixel do quadro com a cor selecionada na paleta de cores Verifica se ao carregar a página deve ser possível pintar os pixels de preto",
              "timedOut": null,
              "duration": 4372,
              "state": "failed",
              "speed": null,
              "pass": false,
              "fail": true,
              "pending": false,
              "context": null,
              "code": "cy.get('.pixel').each(function (pixel) {\n  cy.wrap(pixel).click().should('have.css', 'background-color', BLACK);\n});",
              "err": {
                "message": "CypressError: Timed out retrying: Expected to find element: '.pixel', but never found it.",
                "estack": "CypressError: Timed out retrying: Expected to find element: '.pixel', but never found it.\n    at cypressErr (http://localhost:37647/__cypress/runner/cypress_runner.js:149934:9)\n    at throwErr (http://localhost:37647/__cypress/runner/cypress_runner.js:149867:11)\n    at Object.throwErrByPath (http://localhost:37647/__cypress/runner/cypress_runner.js:149915:3)\n    at retry (http://localhost:37647/__cypress/runner/cypress_runner.js:144197:19)\n    at onFailFn (http://localhost:37647/__cypress/runner/cypress_runner.js:132448:16)\n    at tryCatcher (http://localhost:37647/__cypress/runner/cypress_runner.js:167415:23)\n    at Promise._settlePromiseFromHandler (http://localhost:37647/__cypress/runner/cypress_runner.js:165351:31)\n    at Promise._settlePromise (http://localhost:37647/__cypress/runner/cypress_runner.js:165408:18)\n    at Promise._settlePromise0 (http://localhost:37647/__cypress/runner/cypress_runner.js:165453:10)\n    at Promise._settlePromises (http://localhost:37647/__cypress/runner/cypress_runner.js:165528:18)\n    at Async../node_modules/bluebird/js/release/async.js.Async._drainQueue (http://localhost:37647/__cypress/runner/cypress_runner.js:162140:16)\n    at Async../node_modules/bluebird/js/release/async.js.Async._drainQueues (http://localhost:37647/__cypress/runner/cypress_runner.js:162150:10)\n    at Async.drainQueues (http://localhost:37647/__cypress/runner/cypress_runner.js:162024:14)",
                "diff": null
              },
              "uuid": "cd2b3f3d-ae4f-4706-8c80-b620a892c8f2",
              "parentUUID": "4277af73-9249-4d61-b545-42ab8d9fcbd4",
              "isHook": false,
              "skipped": false
            },
            {
              "title": "Verifica se após selecionar uma outra cor na paleta, é possível pintar os pixels com essa cor",
              "fullTitle": "8 - Crie uma função que permita preencher um pixel do quadro com a cor selecionada na paleta de cores Verifica se após selecionar uma outra cor na paleta, é possível pintar os pixels com essa cor",
              "timedOut": null,
              "duration": 4407,
              "state": "failed",
              "speed": null,
              "pass": false,
              "fail": true,
              "pending": false,
              "context": null,
              "code": "cy.get('.color').each(function (color) {\n  var backgroundColor = color.css('background-color');\n  cy.wrap(color).click();\n  cy.get('.pixel').each(function (pixel) {\n    cy.wrap(pixel).click().should('have.css', 'background-color', backgroundColor);\n  });\n});",
              "err": {
                "message": "CypressError: Timed out retrying: Expected to find element: '.color', but never found it.",
                "estack": "CypressError: Timed out retrying: Expected to find element: '.color', but never found it.\n    at cypressErr (http://localhost:37647/__cypress/runner/cypress_runner.js:149934:9)\n    at throwErr (http://localhost:37647/__cypress/runner/cypress_runner.js:149867:11)\n    at Object.throwErrByPath (http://localhost:37647/__cypress/runner/cypress_runner.js:149915:3)\n    at retry (http://localhost:37647/__cypress/runner/cypress_runner.js:144197:19)\n    at onFailFn (http://localhost:37647/__cypress/runner/cypress_runner.js:132448:16)\n    at tryCatcher (http://localhost:37647/__cypress/runner/cypress_runner.js:167415:23)\n    at Promise._settlePromiseFromHandler (http://localhost:37647/__cypress/runner/cypress_runner.js:165351:31)\n    at Promise._settlePromise (http://localhost:37647/__cypress/runner/cypress_runner.js:165408:18)\n    at Promise._settlePromise0 (http://localhost:37647/__cypress/runner/cypress_runner.js:165453:10)\n    at Promise._settlePromises (http://localhost:37647/__cypress/runner/cypress_runner.js:165528:18)\n    at Async../node_modules/bluebird/js/release/async.js.Async._drainQueue (http://localhost:37647/__cypress/runner/cypress_runner.js:162140:16)\n    at Async../node_modules/bluebird/js/release/async.js.Async._drainQueues (http://localhost:37647/__cypress/runner/cypress_runner.js:162150:10)\n    at Async.drainQueues (http://localhost:37647/__cypress/runner/cypress_runner.js:162024:14)",
                "diff": null
              },
              "uuid": "1fe3aaa3-41de-4572-a0c0-d0b70915668e",
              "parentUUID": "4277af73-9249-4d61-b545-42ab8d9fcbd4",
              "isHook": false,
              "skipped": false
            },
            {
              "title": "Verifica se somente o pixel que foi clicado foi preenchido com a cor selecionada, sem influenciar na cor dos demais pixels.",
              "fullTitle": "8 - Crie uma função que permita preencher um pixel do quadro com a cor selecionada na paleta de cores Verifica se somente o pixel que foi clicado foi preenchido com a cor selecionada, sem influenciar na cor dos demais pixels.",
              "timedOut": null,
              "duration": 4368,
              "state": "failed",
              "speed": null,
              "pass": false,
              "fail": true,
              "pending": false,
              "context": null,
              "code": "var colorToPixelIndexMap = {\n  0: 6,\n  1: 8,\n  2: 16,\n  3: 18\n};\ncy.get('.color').each(function (color, index) {\n  cy.wrap(color).click();\n  var backgroundColor = color.css('background-color');\n  var clickedPixelIndex = colorToPixelIndexMap[index];\n  cy.get('.pixel').eq(clickedPixelIndex).click();\n  cy.get('.pixel').eq(clickedPixelIndex - 1).should('not.have.css', 'background-color', backgroundColor);\n  cy.get('.pixel').eq(clickedPixelIndex + 1).should('not.have.css', 'background-color', backgroundColor);\n  cy.get('.pixel').eq(clickedPixelIndex - 5).should('not.have.css', 'background-color', backgroundColor);\n  cy.get('.pixel').eq(clickedPixelIndex + 5).should('not.have.css', 'background-color', backgroundColor);\n  cy.get('.pixel').eq(clickedPixelIndex - 6).should('not.have.css', 'background-color', backgroundColor);\n  cy.get('.pixel').eq(clickedPixelIndex - 4).should('not.have.css', 'background-color', backgroundColor);\n  cy.get('.pixel').eq(clickedPixelIndex + 4).should('not.have.css', 'background-color', backgroundColor);\n  cy.get('.pixel').eq(clickedPixelIndex + 6).should('not.have.css', 'background-color', backgroundColor);\n});",
              "err": {
                "message": "CypressError: Timed out retrying: Expected to find element: '.color', but never found it.",
                "estack": "CypressError: Timed out retrying: Expected to find element: '.color', but never found it.\n    at cypressErr (http://localhost:37647/__cypress/runner/cypress_runner.js:149934:9)\n    at throwErr (http://localhost:37647/__cypress/runner/cypress_runner.js:149867:11)\n    at Object.throwErrByPath (http://localhost:37647/__cypress/runner/cypress_runner.js:149915:3)\n    at retry (http://localhost:37647/__cypress/runner/cypress_runner.js:144197:19)\n    at onFailFn (http://localhost:37647/__cypress/runner/cypress_runner.js:132448:16)\n    at tryCatcher (http://localhost:37647/__cypress/runner/cypress_runner.js:167415:23)\n    at Promise._settlePromiseFromHandler (http://localhost:37647/__cypress/runner/cypress_runner.js:165351:31)\n    at Promise._settlePromise (http://localhost:37647/__cypress/runner/cypress_runner.js:165408:18)\n    at Promise._settlePromise0 (http://localhost:37647/__cypress/runner/cypress_runner.js:165453:10)\n    at Promise._settlePromises (http://localhost:37647/__cypress/runner/cypress_runner.js:165528:18)\n    at Async../node_modules/bluebird/js/release/async.js.Async._drainQueue (http://localhost:37647/__cypress/runner/cypress_runner.js:162140:16)\n    at Async../node_modules/bluebird/js/release/async.js.Async._drainQueues (http://localhost:37647/__cypress/runner/cypress_runner.js:162150:10)\n    at Async.drainQueues (http://localhost:37647/__cypress/runner/cypress_runner.js:162024:14)",
                "diff": null
              },
              "uuid": "b067d95c-aff0-42c0-b3cd-846c4b0e5fd5",
              "parentUUID": "4277af73-9249-4d61-b545-42ab8d9fcbd4",
              "isHook": false,
              "skipped": false
            }
          ],
          "suites": [],
          "passes": [],
          "failures": [
            "cd2b3f3d-ae4f-4706-8c80-b620a892c8f2",
            "1fe3aaa3-41de-4572-a0c0-d0b70915668e",
            "b067d95c-aff0-42c0-b3cd-846c4b0e5fd5"
          ],
          "pending": [],
          "skipped": [],
          "duration": 13147,
          "root": false,
          "rootEmpty": false,
          "_timeout": 2000
        },
        {
          "uuid": "fb40630e-8eae-4f61-8623-1aa956a614aa",
          "title": "9 - Crie um botão que, ao ser clicado, limpa o quadro preenchendo a cor de todos seus pixels com branco",
          "fullFile": "",
          "file": "",
          "beforeHooks": [],
          "afterHooks": [],
          "tests": [
            {
              "title": "Verifica se o botão tem o `id` denominado `clear-board`",
              "fullTitle": "9 - Crie um botão que, ao ser clicado, limpa o quadro preenchendo a cor de todos seus pixels com branco Verifica se o botão tem o `id` denominado `clear-board`",
              "timedOut": null,
              "duration": 4265,
              "state": "failed",
              "speed": null,
              "pass": false,
              "fail": true,
              "pending": false,
              "context": null,
              "code": "cy.get('#clear-board').should('be.visible');",
              "err": {
                "message": "CypressError: Timed out retrying: Expected to find element: '#clear-board', but never found it.",
                "estack": "CypressError: Timed out retrying: Expected to find element: '#clear-board', but never found it.\n    at cypressErr (http://localhost:37647/__cypress/runner/cypress_runner.js:149934:9)\n    at throwErr (http://localhost:37647/__cypress/runner/cypress_runner.js:149867:11)\n    at Object.throwErrByPath (http://localhost:37647/__cypress/runner/cypress_runner.js:149915:3)\n    at retry (http://localhost:37647/__cypress/runner/cypress_runner.js:144197:19)\n    at onFailFn (http://localhost:37647/__cypress/runner/cypress_runner.js:132448:16)\n    at tryCatcher (http://localhost:37647/__cypress/runner/cypress_runner.js:167415:23)\n    at Promise._settlePromiseFromHandler (http://localhost:37647/__cypress/runner/cypress_runner.js:165351:31)\n    at Promise._settlePromise (http://localhost:37647/__cypress/runner/cypress_runner.js:165408:18)\n    at Promise._settlePromise0 (http://localhost:37647/__cypress/runner/cypress_runner.js:165453:10)\n    at Promise._settlePromises (http://localhost:37647/__cypress/runner/cypress_runner.js:165528:18)\n    at Async../node_modules/bluebird/js/release/async.js.Async._drainQueue (http://localhost:37647/__cypress/runner/cypress_runner.js:162140:16)\n    at Async../node_modules/bluebird/js/release/async.js.Async._drainQueues (http://localhost:37647/__cypress/runner/cypress_runner.js:162150:10)\n    at Async.drainQueues (http://localhost:37647/__cypress/runner/cypress_runner.js:162024:14)",
                "diff": null
              },
              "uuid": "45fe2484-d59f-4f77-8d6d-4dceb7841338",
              "parentUUID": "fb40630e-8eae-4f61-8623-1aa956a614aa",
              "isHook": false,
              "skipped": false
            },
            {
              "title": "Verifica se o botão está posicionado entre a paleta de cores e o quadro de pixels",
              "fullTitle": "9 - Crie um botão que, ao ser clicado, limpa o quadro preenchendo a cor de todos seus pixels com branco Verifica se o botão está posicionado entre a paleta de cores e o quadro de pixels",
              "timedOut": null,
              "duration": 4237,
              "state": "failed",
              "speed": null,
              "pass": false,
              "fail": true,
              "pending": false,
              "context": null,
              "code": "cy.get('#color-palette').then(function (palette) {\n  cy.get('#clear-board').should('be.belowOf', palette);\n});\ncy.get('#clear-board').then(function (clearBtn) {\n  cy.get('#pixel-board').should('be.belowOf', clearBtn);\n});",
              "err": {
                "message": "CypressError: Timed out retrying: Expected to find element: '#color-palette', but never found it.",
                "estack": "CypressError: Timed out retrying: Expected to find element: '#color-palette', but never found it.\n    at cypressErr (http://localhost:37647/__cypress/runner/cypress_runner.js:149934:9)\n    at throwErr (http://localhost:37647/__cypress/runner/cypress_runner.js:149867:11)\n    at Object.throwErrByPath (http://localhost:37647/__cypress/runner/cypress_runner.js:149915:3)\n    at retry (http://localhost:37647/__cypress/runner/cypress_runner.js:144197:19)\n    at onFailFn (http://localhost:37647/__cypress/runner/cypress_runner.js:132448:16)\n    at tryCatcher (http://localhost:37647/__cypress/runner/cypress_runner.js:167415:23)\n    at Promise._settlePromiseFromHandler (http://localhost:37647/__cypress/runner/cypress_runner.js:165351:31)\n    at Promise._settlePromise (http://localhost:37647/__cypress/runner/cypress_runner.js:165408:18)\n    at Promise._settlePromise0 (http://localhost:37647/__cypress/runner/cypress_runner.js:165453:10)\n    at Promise._settlePromises (http://localhost:37647/__cypress/runner/cypress_runner.js:165528:18)\n    at Async../node_modules/bluebird/js/release/async.js.Async._drainQueue (http://localhost:37647/__cypress/runner/cypress_runner.js:162140:16)\n    at Async../node_modules/bluebird/js/release/async.js.Async._drainQueues (http://localhost:37647/__cypress/runner/cypress_runner.js:162150:10)\n    at Async.drainQueues (http://localhost:37647/__cypress/runner/cypress_runner.js:162024:14)",
                "diff": null
              },
              "uuid": "71ebe6b9-9c69-43d1-b264-19fc6c5a5a92",
              "parentUUID": "fb40630e-8eae-4f61-8623-1aa956a614aa",
              "isHook": false,
              "skipped": false
            },
            {
              "title": "Verifica se o texto do botão é 'Limpar'",
              "fullTitle": "9 - Crie um botão que, ao ser clicado, limpa o quadro preenchendo a cor de todos seus pixels com branco Verifica se o texto do botão é 'Limpar'",
              "timedOut": null,
              "duration": 4294,
              "state": "failed",
              "speed": null,
              "pass": false,
              "fail": true,
              "pending": false,
              "context": null,
              "code": "cy.get('#clear-board').should('contain.text', 'Limpar');",
              "err": {
                "message": "CypressError: Timed out retrying: Expected to find element: '#clear-board', but never found it.",
                "estack": "CypressError: Timed out retrying: Expected to find element: '#clear-board', but never found it.\n    at cypressErr (http://localhost:37647/__cypress/runner/cypress_runner.js:149934:9)\n    at throwErr (http://localhost:37647/__cypress/runner/cypress_runner.js:149867:11)\n    at Object.throwErrByPath (http://localhost:37647/__cypress/runner/cypress_runner.js:149915:3)\n    at retry (http://localhost:37647/__cypress/runner/cypress_runner.js:144197:19)\n    at onFailFn (http://localhost:37647/__cypress/runner/cypress_runner.js:132448:16)\n    at tryCatcher (http://localhost:37647/__cypress/runner/cypress_runner.js:167415:23)\n    at Promise._settlePromiseFromHandler (http://localhost:37647/__cypress/runner/cypress_runner.js:165351:31)\n    at Promise._settlePromise (http://localhost:37647/__cypress/runner/cypress_runner.js:165408:18)\n    at Promise._settlePromise0 (http://localhost:37647/__cypress/runner/cypress_runner.js:165453:10)\n    at Promise._settlePromises (http://localhost:37647/__cypress/runner/cypress_runner.js:165528:18)\n    at Async../node_modules/bluebird/js/release/async.js.Async._drainQueue (http://localhost:37647/__cypress/runner/cypress_runner.js:162140:16)\n    at Async../node_modules/bluebird/js/release/async.js.Async._drainQueues (http://localhost:37647/__cypress/runner/cypress_runner.js:162150:10)\n    at Async.drainQueues (http://localhost:37647/__cypress/runner/cypress_runner.js:162024:14)",
                "diff": null
              },
              "uuid": "1c8f9ccc-8157-4b2d-96aa-6ee662ee32ed",
              "parentUUID": "fb40630e-8eae-4f61-8623-1aa956a614aa",
              "isHook": false,
              "skipped": false
            },
            {
              "title": "Verifica se ao clicar no botão, o quadro de pixels é totalmente preenchido de branco",
              "fullTitle": "9 - Crie um botão que, ao ser clicado, limpa o quadro preenchendo a cor de todos seus pixels com branco Verifica se ao clicar no botão, o quadro de pixels é totalmente preenchido de branco",
              "timedOut": null,
              "duration": 4380,
              "state": "failed",
              "speed": null,
              "pass": false,
              "fail": true,
              "pending": false,
              "context": null,
              "code": "cy.get('.color').eq(1).then(function (color) {\n  var backgroundColor = color.css('background-color');\n  cy.wrap(color).click();\n  cy.get('.pixel').each(function (pixel) {\n    cy.wrap(pixel).click().should('have.css', 'background-color', backgroundColor);\n  });\n});\ncy.get('#clear-board').click();\ncy.get('.pixel').each(function (pixel) {\n  cy.wrap(pixel).should('have.css', 'background-color', WHITE);\n});",
              "err": {
                "message": "CypressError: Timed out retrying: Expected to find element: '.color', but never found it.",
                "estack": "CypressError: Timed out retrying: Expected to find element: '.color', but never found it.\n    at cypressErr (http://localhost:37647/__cypress/runner/cypress_runner.js:149934:9)\n    at throwErr (http://localhost:37647/__cypress/runner/cypress_runner.js:149867:11)\n    at Object.throwErrByPath (http://localhost:37647/__cypress/runner/cypress_runner.js:149915:3)\n    at retry (http://localhost:37647/__cypress/runner/cypress_runner.js:144197:19)\n    at onFailFn (http://localhost:37647/__cypress/runner/cypress_runner.js:132448:16)\n    at tryCatcher (http://localhost:37647/__cypress/runner/cypress_runner.js:167415:23)\n    at Promise._settlePromiseFromHandler (http://localhost:37647/__cypress/runner/cypress_runner.js:165351:31)\n    at Promise._settlePromise (http://localhost:37647/__cypress/runner/cypress_runner.js:165408:18)\n    at Promise._settlePromise0 (http://localhost:37647/__cypress/runner/cypress_runner.js:165453:10)\n    at Promise._settlePromises (http://localhost:37647/__cypress/runner/cypress_runner.js:165528:18)\n    at Async../node_modules/bluebird/js/release/async.js.Async._drainQueue (http://localhost:37647/__cypress/runner/cypress_runner.js:162140:16)\n    at Async../node_modules/bluebird/js/release/async.js.Async._drainQueues (http://localhost:37647/__cypress/runner/cypress_runner.js:162150:10)\n    at Async.drainQueues (http://localhost:37647/__cypress/runner/cypress_runner.js:162024:14)",
                "diff": null
              },
              "uuid": "3326cda2-df3b-4928-93e6-ae1bd133fc77",
              "parentUUID": "fb40630e-8eae-4f61-8623-1aa956a614aa",
              "isHook": false,
              "skipped": false
            }
          ],
          "suites": [],
          "passes": [],
          "failures": [
            "45fe2484-d59f-4f77-8d6d-4dceb7841338",
            "71ebe6b9-9c69-43d1-b264-19fc6c5a5a92",
            "1c8f9ccc-8157-4b2d-96aa-6ee662ee32ed",
            "3326cda2-df3b-4928-93e6-ae1bd133fc77"
          ],
          "pending": [],
          "skipped": [],
          "duration": 17176,
          "root": false,
          "rootEmpty": false,
          "_timeout": 2000
        },
        {
          "uuid": "bd22da1f-2cdc-4a3c-9d53-42c084fbf6a4",
          "title": "10 - Crie um input que permita à pessoa usuária preencher um novo tamanho para o quadro de pixels",
          "fullFile": "",
          "file": "",
          "beforeHooks": [],
          "afterHooks": [],
          "tests": [
            {
              "title": "Verifica se existe um input com o id `board-size`",
              "fullTitle": "10 - Crie um input que permita à pessoa usuária preencher um novo tamanho para o quadro de pixels Verifica se existe um input com o id `board-size`",
              "timedOut": null,
              "duration": 4264,
              "state": "failed",
              "speed": null,
              "pass": false,
              "fail": true,
              "pending": false,
              "context": null,
              "code": "cy.get('#board-size').should('be.visible');",
              "err": {
                "message": "CypressError: Timed out retrying: Expected to find element: '#board-size', but never found it.",
[...]
                "diff": null
              },
              "uuid": "4d945fe6-69e9-4566-98a7-20a4ed8548a8",
              "parentUUID": "bd22da1f-2cdc-4a3c-9d53-42c084fbf6a4",
              "isHook": false,
              "skipped": false
            },
            {
              "title": "Verifica se o novo quadro tem todos os pixels preenchidos com a cor branca",
              "fullTitle": "10 - Crie um input que permita à pessoa usuária preencher um novo tamanho para o quadro de pixels Verifica se o novo quadro tem todos os pixels preenchidos com a cor branca",
              "timedOut": null,
              "duration": 4422,
              "state": "failed",
              "speed": null,
              "pass": false,
              "fail": true,
              "pending": false,
              "context": null,
              "code": "cy.get('#board-size').clear().type(6);\ncy.get('#generate-board').click();\ncy.get('.pixel').should('have.length', 36).each(function (pixel) {\n  expect(pixel).to.have.css('background-color', WHITE);\n});",
              "err": {
                "message": "CypressError: Timed out retrying: Expected to find element: '#board-size', but never found it.",
                "estack": "CypressError: Timed out retrying: Expected to find element: '#board-size', but never found it.\n    at cypressErr (http://localhost:37647/__cypress/runner/cypress_runner.js:149934:9)\n    at throwErr (http://localhost:37647/__cypress/runner/cypress_runner.js:149867:11)\n    at Object.throwErrByPath (http://localhost:37647/__cypress/runner/cypress_runner.js:149915:3)\n    at retry (http://localhost:37647/__cypress/runner/cypress_runner.js:144197:19)\n    at onFailFn (http://localhost:37647/__cypress/runner/cypress_runner.js:132448:16)\n    at tryCatcher (http://localhost:37647/__cypress/runner/cypress_runner.js:167415:23)\n    at Promise._settlePromiseFromHandler (http://localhost:37647/__cypress/runner/cypress_runner.js:165351:31)\n    at Promise._settlePromise (http://localhost:37647/__cypress/runner/cypress_runner.js:165408:18)\n    at Promise._settlePromise0 (http://localhost:37647/__cypress/runner/cypress_runner.js:165453:10)\n    at Promise._settlePromises (http://localhost:37647/__cypress/runner/cypress_runner.js:165528:18)\n    at Async../node_modules/bluebird/js/release/async.js.Async._drainQueue (http://localhost:37647/__cypress/runner/cypress_runner.js:162140:16)\n    at Async../node_modules/bluebird/js/release/async.js.Async._drainQueues (http://localhost:37647/__cypress/runner/cypress_runner.js:162150:10)\n    at Async.drainQueues (http://localhost:37647/__cypress/runner/cypress_runner.js:162024:14)",
                "diff": null
              },
              "uuid": "d7787c30-425c-4094-b87b-290778adbd36",
              "parentUUID": "bd22da1f-2cdc-4a3c-9d53-42c084fbf6a4",
              "isHook": false,
              "skipped": false
            }
          ],
          "suites": [],
          "passes": [],
          "failures": [
            "297c20df-509c-4962-bb1d-5e663d4c9a0f",
            "970fcc44-1bcb-4e38-8b2d-051750c0457d",
            "eb16a2f9-8e96-4a8c-b7b1-20a8cc045923",
            "91d1a846-51d3-4180-9812-f3d4bf88d6e1",
            "72057a0c-a3d1-42d6-85e6-7db89d42b99e",
            "c981a3e0-fa3f-452b-b362-fed7d0c6a041",
            "8cab4125-07b1-4356-9c1a-8882ae66a385",
            "4d945fe6-69e9-4566-98a7-20a4ed8548a8",
            "d7787c30-425c-4094-b87b-290778adbd36"
          ],
          "pending": [],
          "skipped": [],
          "duration": 39164,
          "root": false,
          "rootEmpty": false,
          "_timeout": 2000
        },
        {
          "uuid": "423b59e8-f2a3-4574-9d65-98121c26ff3d",
          "title": "11 - Crie uma função que limite o tamanho mínimo e máximo do quadro de pixels",
          "fullFile": "",
          "file": "",
          "beforeHooks": [],
          "afterHooks": [],
          "tests": [
            {
              "title": "Verifica se a altura máxima do board é 50",
              "fullTitle": "11 - Crie uma função que limite o tamanho mínimo e máximo do quadro de pixels Verifica se a altura máxima do board é 50",
              "timedOut": null,
              "duration": 4361,
              "state": "failed",
              "speed": null,
              "pass": false,
              "fail": true,
              "pending": false,
              "context": null,
              "code": "cy.get('#board-size').clear().type(50);\ncy.get('#generate-board').click();\ncy.get('.pixel').should('have.length', 2500);",
              "err": {
                "message": "CypressError: Timed out retrying: Expected to find element: '#board-size', but never found it.",
                "estack": "CypressError: Timed out retrying: Expected to find element: '#board-size', but never found it.\n    at cypressErr (http://localhost:37647/__cypress/runner/cypress_runner.js:149934:9)\n    at throwErr (http://localhost:37647/__cypress/runner/cypress_runner.js:149867:11)\n    at Object.throwErrByPath (http://localhost:37647/__cypress/runner/cypress_runner.js:149915:3)\n    at retry (http://localhost:37647/__cypress/runner/cypress_runner.js:144197:19)\n    at onFailFn (http://localhost:37647/__cypress/runner/cypress_runner.js:132448:16)\n    at tryCatcher (http://localhost:37647/__cypress/runner/cypress_runner.js:167415:23)\n    at Promise._settlePromiseFromHandler (http://localhost:37647/__cypress/runner/cypress_runner.js:165351:31)\n    at Promise._settlePromise (http://localhost:37647/__cypress/runner/cypress_runner.js:165408:18)\n    at Promise._settlePromise0 (http://localhost:37647/__cypress/runner/cypress_runner.js:165453:10)\n    at Promise._settlePromises (http://localhost:37647/__cypress/runner/cypress_runner.js:165528:18)\n    at Async../node_modules/bluebird/js/release/async.js.Async._drainQueue (http://localhost:37647/__cypress/runner/cypress_runner.js:162140:16)\n    at Async../node_modules/bluebird/js/release/async.js.Async._drainQueues (http://localhost:37647/__cypress/runner/cypress_runner.js:162150:10)\n    at Async.drainQueues (http://localhost:37647/__cypress/runner/cypress_runner.js:162024:14)",
                "diff": null
              },
              "uuid": "8211fdd9-19dc-4e28-9138-69901afc37b1",
              "parentUUID": "423b59e8-f2a3-4574-9d65-98121c26ff3d",
              "isHook": false,
              "skipped": false
            },
            {
              "title": "Verifica se a altura do board é 5 quando um valor menor é colocado no input",
              "fullTitle": "11 - Crie uma função que limite o tamanho mínimo e máximo do quadro de pixels Verifica se a altura do board é 5 quando um valor menor é colocado no input",
              "timedOut": null,
              "duration": 4421,
              "state": "failed",
              "speed": null,
              "pass": false,
              "fail": true,
              "pending": false,
              "context": null,
              "code": "cy.get('#board-size').clear().type(4);\ncy.get('#generate-board').click();\ncy.get('.pixel').should('have.length', 25);",
              "err": {
                "message": "CypressError: Timed out retrying: Expected to find element: '#board-size', but never found it.",
                "estack": "CypressError: Timed out retrying: Expected to find element: '#board-size', but never found it.\n    at cypressErr (http://localhost:37647/__cypress/runner/cypress_runner.js:149934:9)\n    at throwErr (http://localhost:37647/__cypress/runner/cypress_runner.js:149867:11)\n    at Object.throwErrByPath (http://localhost:37647/__cypress/runner/cypress_runner.js:149915:3)\n    at retry (http://localhost:37647/__cypress/runner/cypress_runner.js:144197:19)\n    at onFailFn (http://localhost:37647/__cypress/runner/cypress_runner.js:132448:16)\n    at tryCatcher (http://localhost:37647/__cypress/runner/cypress_runner.js:167415:23)\n    at Promise._settlePromiseFromHandler (http://localhost:37647/__cypress/runner/cypress_runner.js:165351:31)\n    at Promise._settlePromise (http://localhost:37647/__cypress/runner/cypress_runner.js:165408:18)\n    at Promise._settlePromise0 (http://localhost:37647/__cypress/runner/cypress_runner.js:165453:10)\n    at Promise._settlePromises (http://localhost:37647/__cypress/runner/cypress_runner.js:165528:18)\n    at Async../node_modules/bluebird/js/release/async.js.Async._drainQueue (http://localhost:37647/__cypress/runner/cypress_runner.js:162140:16)\n    at Async../node_modules/bluebird/js/release/async.js.Async._drainQueues (http://localhost:37647/__cypress/runner/cypress_runner.js:162150:10)\n    at Async.drainQueues (http://localhost:37647/__cypress/runner/cypress_runner.js:162024:14)",
                "diff": null
              },
              "uuid": "96a9b167-a248-4a90-bcbf-236ccf058ca8",
              "parentUUID": "423b59e8-f2a3-4574-9d65-98121c26ff3d",
              "isHook": false,
              "skipped": false
            },
            {
              "title": "Verifica se a altura do board é 50 quando um valor maior é colocado no input",
              "fullTitle": "11 - Crie uma função que limite o tamanho mínimo e máximo do quadro de pixels Verifica se a altura do board é 50 quando um valor maior é colocado no input",
              "timedOut": null,
              "duration": 4457,
              "state": "failed",
              "speed": null,
              "pass": false,
              "fail": true,
              "pending": false,
              "context": null,
              "code": "cy.get('#board-size').clear().type(51);\ncy.get('#generate-board').click();\ncy.get('.pixel').should('have.length', 2500);",
              "err": {
                "message": "CypressError: Timed out retrying: Expected to find element: '#board-size', but never found it.",
                "estack": "CypressError: Timed out retrying: Expected to find element: '#board-size', but never found it.\n    at cypressErr (http://localhost:37647/__cypress/runner/cypress_runner.js:149934:9)\n    at throwErr (http://localhost:37647/__cypress/runner/cypress_runner.js:149867:11)\n    at Object.throwErrByPath (http://localhost:37647/__cypress/runner/cypress_runner.js:149915:3)\n    at retry (http://localhost:37647/__cypress/runner/cypress_runner.js:144197:19)\n    at onFailFn (http://localhost:37647/__cypress/runner/cypress_runner.js:132448:16)\n    at tryCatcher (http://localhost:37647/__cypress/runner/cypress_runner.js:167415:23)\n    at Promise._settlePromiseFromHandler (http://localhost:37647/__cypress/runner/cypress_runner.js:165351:31)\n    at Promise._settlePromise (http://localhost:37647/__cypress/runner/cypress_runner.js:165408:18)\n    at Promise._settlePromise0 (http://localhost:37647/__cypress/runner/cypress_runner.js:165453:10)\n    at Promise._settlePromises (http://localhost:37647/__cypress/runner/cypress_runner.js:165528:18)\n    at Async../node_modules/bluebird/js/release/async.js.Async._drainQueue (http://localhost:37647/__cypress/runner/cypress_runner.js:162140:16)\n    at Async../node_modules/bluebird/js/release/async.js.Async._drainQueues (http://localhost:37647/__cypress/runner/cypress_runner.js:162150:10)\n    at Async.drainQueues (http://localhost:37647/__cypress/runner/cypress_runner.js:162024:14)",
                "diff": null
              },
              "uuid": "80822d49-a232-496d-b5e1-8b66f33f6a01",
              "parentUUID": "423b59e8-f2a3-4574-9d65-98121c26ff3d",
              "isHook": false,
              "skipped": false
            }
          ],
          "suites": [],
          "passes": [],
          "failures": [
            "8211fdd9-19dc-4e28-9138-69901afc37b1",
            "96a9b167-a248-4a90-bcbf-236ccf058ca8",
            "80822d49-a232-496d-b5e1-8b66f33f6a01"
          ],
          "pending": [],
          "skipped": [],
          "duration": 13239,
          "root": false,
          "rootEmpty": false,
          "_timeout": 2000
        },
        {
          "uuid": "64cd002d-32e1-4b73-914e-f89924953878",
          "title": "12 - Crie uma função para gerar as cores aleatoriamente ao carregar a página, com exceção da cor preta",
          "fullFile": "",
          "file": "",
          "beforeHooks": [],
          "afterHooks": [],
          "tests": [
            {
              "title": "Verifica se as cores geradas na paleta são diferentes a cada carregamento da página",
              "fullTitle": "12 - Crie uma função para gerar as cores aleatoriamente ao carregar a página, com exceção da cor preta Verifica se as cores geradas na paleta são diferentes a cada carregamento da página",
              "timedOut": null,
              "duration": 4299,
              "state": "failed",
              "speed": null,
              "pass": false,
              "fail": true,
              "pending": false,
              "context": null,
              "code": "cy.get('.color').then(function (colors) {\n  var currentColors;\n  var previousColors;\n  previousColors = Array.from(colors).map(function (color) {\n    return Cypress.$(color).css('background-color');\n  });\n  for (var i = 0; i < 5; i += 1) {\n    cy.reload();\n    cy.get('.color').then(function (colors) {\n      currentColors = Array.from(colors).map(function (color) {\n        return Cypress.$(color).css('background-color');\n      });\n      expect(currentColors).not.to.deep.equal(previousColors);\n      previousColors = currentColors;\n    });\n  }\n});",
              "err": {
                "message": "CypressError: Timed out retrying: Expected to find element: '.color', but never found it.",
                "estack": "CypressError: Timed out retrying: Expected to find element: '.color', but never found it.\n    at cypressErr (http://localhost:37647/__cypress/runner/cypress_runner.js:149934:9)\n    at throwErr (http://localhost:37647/__cypress/runner/cypress_runner.js:149867:11)\n    at Object.throwErrByPath (http://localhost:37647/__cypress/runner/cypress_runner.js:149915:3)\n    at retry (http://localhost:37647/__cypress/runner/cypress_runner.js:144197:19)\n    at onFailFn (http://localhost:37647/__cypress/runner/cypress_runner.js:132448:16)\n    at tryCatcher (http://localhost:37647/__cypress/runner/cypress_runner.js:167415:23)\n    at Promise._settlePromiseFromHandler (http://localhost:37647/__cypress/runner/cypress_runner.js:165351:31)\n    at Promise._settlePromise (http://localhost:37647/__cypress/runner/cypress_runner.js:165408:18)\n    at Promise._settlePromise0 (http://localhost:37647/__cypress/runner/cypress_runner.js:165453:10)\n    at Promise._settlePromises (http://localhost:37647/__cypress/runner/cypress_runner.js:165528:18)\n    at Async../node_modules/bluebird/js/release/async.js.Async._drainQueue (http://localhost:37647/__cypress/runner/cypress_runner.js:162140:16)\n    at Async../node_modules/bluebird/js/release/async.js.Async._drainQueues (http://localhost:37647/__cypress/runner/cypress_runner.js:162150:10)\n    at Async.drainQueues (http://localhost:37647/__cypress/runner/cypress_runner.js:162024:14)",
                "diff": null
              },
              "uuid": "bf7f4137-950c-4853-b491-0a62d01313f4",
              "parentUUID": "64cd002d-32e1-4b73-914e-f89924953878",
              "isHook": false,
              "skipped": false
            },
            {
              "title": "Verifica se a cor preta ainda está presente e é a primeira na sua paleta de cores",
              "fullTitle": "12 - Crie uma função para gerar as cores aleatoriamente ao carregar a página, com exceção da cor preta Verifica se a cor preta ainda está presente e é a primeira na sua paleta de cores",
              "timedOut": null,
              "duration": 4388,
              "state": "failed",
              "speed": null,
              "pass": false,
              "fail": true,
              "pending": false,
              "context": null,
              "code": "cy.get('.color').then(function (colors) {\n  var currentColors;\n  var previousColors;\n  previousColors = Array.from(colors).map(function (color) {\n    return Cypress.$(color).css('background-color');\n  });\n  expect(previousColors[0]).to.eq(BLACK);\n  for (var i = 0; i < 5; i += 1) {\n    cy.reload();\n    cy.get('.color').then(function (colors) {\n      currentColors = Array.from(colors).map(function (color) {\n        return Cypress.$(color).css('background-color');\n      });\n      expect(currentColors[0]).to.eq(BLACK);\n      expect(currentColors).not.to.deep.equal(previousColors);\n      previousColors = currentColors;\n    });\n  }\n});",
              "err": {
                "message": "CypressError: Timed out retrying: Expected to find element: '.color', but never found it.",
                "estack": "CypressError: Timed out retrying: Expected to find element: '.color', but never found it.\n    at cypressErr (http://localhost:37647/__cypress/runner/cypress_runner.js:149934:9)\n    at throwErr (http://localhost:37647/__cypress/runner/cypress_runner.js:149867:11)\n    at Object.throwErrByPath (http://localhost:37647/__cypress/runner/cypress_runner.js:149915:3)\n    at retry (http://localhost:37647/__cypress/runner/cypress_runner.js:144197:19)\n    at onFailFn (http://localhost:37647/__cypress/runner/cypress_runner.js:132448:16)\n    at tryCatcher (http://localhost:37647/__cypress/runner/cypress_runner.js:167415:23)\n    at Promise._settlePromiseFromHandler (http://localhost:37647/__cypress/runner/cypress_runner.js:165351:31)\n    at Promise._settlePromise (http://localhost:37647/__cypress/runner/cypress_runner.js:165408:18)\n    at Promise._settlePromise0 (http://localhost:37647/__cypress/runner/cypress_runner.js:165453:10)\n    at Promise._settlePromises (http://localhost:37647/__cypress/runner/cypress_runner.js:165528:18)\n    at Async../node_modules/bluebird/js/release/async.js.Async._drainQueue (http://localhost:37647/__cypress/runner/cypress_runner.js:162140:16)\n    at Async../node_modules/bluebird/js/release/async.js.Async._drainQueues (http://localhost:37647/__cypress/runner/cypress_runner.js:162150:10)\n    at Async.drainQueues (http://localhost:37647/__cypress/runner/cypress_runner.js:162024:14)",
                "diff": null
              },
              "uuid": "804d2fdb-2c53-47c5-9f3d-db2b807edcac",
              "parentUUID": "64cd002d-32e1-4b73-914e-f89924953878",
              "isHook": false,
              "skipped": false
            }
          ],
          "suites": [],
          "passes": [],
          "failures": [
            "bf7f4137-950c-4853-b491-0a62d01313f4",
            "804d2fdb-2c53-47c5-9f3d-db2b807edcac"
          ],
          "pending": [],
          "skipped": [],
          "duration": 8687,
          "root": false,
          "rootEmpty": false,
          "_timeout": 2000
        }
      ],
      "passes": [],
      "failures": [],
      "pending": [],
      "skipped": [],
      "duration": 0,
      "root": true,
      "rootEmpty": true,
      "_timeout": 2000
    }
  ],
  "meta": {
    "mocha": {
      "version": "7.0.1"
    },
    "mochawesome": {
      "options": {
        "quiet": false,
        "reportFilename": "mochawesome",
        "saveHtml": false,
        "saveJson": true,
        "consoleReporter": "spec",
        "useInlineDiffs": false
      },
      "version": "4.1.0"
    },
    "marge": {
      "options": {
        "id": "default",
        "reportDir": "cypress/reports",
        "overwrite": true,
        "html": false,
        "json": true
      },
      "version": "4.1.0"
    }
  }
}